<?xml version="1.0" encoding="UTF-8"?>
<testng-results skipped="0" failed="0" total="1" passed="1">
  <reporter-output>
  </reporter-output>
  <suite name="Suite" duration-ms="409" started-at="2019-07-11T04:38:14Z" finished-at="2019-07-11T04:38:15Z">
    <groups>
    </groups>
    <test name="Test" duration-ms="409" started-at="2019-07-11T04:38:14Z" finished-at="2019-07-11T04:38:15Z">
      <class name="Qainfotech.SendMailMaven.NewTest">
        <test-method status="PASS" signature="verifysum()[pri:0, instance:Qainfotech.SendMailMaven.NewTest@71f2a7d5]" name="verifysum" duration-ms="395" started-at="2019-07-11T10:08:14Z" finished-at="2019-07-11T10:08:15Z">
          <reporter-output>
          </reporter-output>
        </test-method> <!-- verifysum -->
      </class> <!-- Qainfotech.SendMailMaven.NewTest -->
    </test> <!-- Test -->
  </suite> <!-- Suite -->
</testng-results>
