<?xml version="1.0" encoding="UTF-8"?>
<testng-results skipped="0" failed="0" ignored="0" total="1" passed="1">
  <reporter-output>
  </reporter-output>
  <suite name="Default suite" duration-ms="440" started-at="2019-07-11T04:04:06Z" finished-at="2019-07-11T04:04:06Z">
    <groups>
    </groups>
    <test name="Default test" duration-ms="440" started-at="2019-07-11T04:04:06Z" finished-at="2019-07-11T04:04:06Z">
      <class name="Qainfotech.SendMailMaven.NewTest">
        <test-method status="PASS" signature="verifysum()[pri:0, instance:Qainfotech.SendMailMaven.NewTest@1753acfe]" name="verifysum" duration-ms="405" started-at="2019-07-11T04:04:06Z" finished-at="2019-07-11T04:04:06Z">
          <reporter-output>
          </reporter-output>
        </test-method> <!-- verifysum -->
      </class> <!-- Qainfotech.SendMailMaven.NewTest -->
    </test> <!-- Default test -->
  </suite> <!-- Default suite -->
</testng-results>
